<?xml version="1.0" encoding="UTF-8"?>
<testsuite xmlns:xsi="http://www.w3.org/2001/XMLSchema-instance" xsi:schemaLocation="https://maven.apache.org/surefire/maven-surefire-plugin/xsd/surefire-test-report.xsd" name="TestSuite" time="35.41" tests="18" errors="0" skipped="0" failures="1">
  <properties>
[...]
</properties>
  <testcase name="CategoryNormal" classname="test.BMICalculateTest" time="0.512"/>
  <testcase name="CategoryObesity" classname="test.BMICalculateTest" time="0.344"/>
  <testcase name="CategoryOverWeight" classname="test.BMICalculateTest" time="0.316"/>
  <testcase name="CategoryUnderWeight" classname="test.BMICalculateTest" time="0.246"/>
  <testcase name="NoHeightField" classname="test.BMICalculateTest" time="0.237"/>
  <testcase name="NoWeightField" classname="test.BMICalculateTest" time="0.269"/>
  <testcase name="BNSTest" classname="test.BNSExcelDataTest" time="1.205"/>
  <testcase name="BNSTest" classname="test.BNSExcelDataTest" time="1.334"/>
  <testcase name="BNSTest" classname="test.BNSExcelDataTest" time="1.177"/>
  <testcase name="BNSTest" classname="test.BNSExcelDataTest" time="1.417"/>
  <testcase name="BNSTest" classname="test.BNSExcelDataTest" time="1.41"/>
  <testcase name="BNSTest" classname="test.BNSExcelDataTest" time="1.321"/>
  <testcase name="BNSTest" classname="test.BNSExcelDataTest" time="1.383"/>
  <testcase name="FacebookSignUp" classname="test.FacebookTest" time="1.805">
    <failure message="element not interactable&#10;  (Session info: chrome=83.0.4103.61)&#10;Build info: version: &apos;3.141.59&apos;, revision: &apos;e82be7d358&apos;, time: &apos;2018-11-14T08:17:03&apos;&#10;System info: host: &apos;DESKTOP-NJVK0I1&apos;, ip: &apos;192.168.1.63&apos;, os.name: &apos;Windows 10&apos;, os.arch: &apos;amd64&apos;, os.version: &apos;10.0&apos;, java.version: &apos;14&apos;&#10;Driver info: org.openqa.selenium.chrome.ChromeDriver&#10;Capabilities {acceptInsecureCerts: false, browserName: chrome, browserVersion: 83.0.4103.61, chrome: {chromedriverVersion: 83.0.4103.39 (ccbf011cb2d2b..., userDataDir: C:\Users\ANAWA\AppData\Loca...}, goog:chromeOptions: {debuggerAddress: localhost:55162}, javascriptEnabled: true, networkConnectionEnabled: false, pageLoadStrategy: normal, platform: WINDOWS, platformName: WINDOWS, proxy: Proxy(), setWindowRect: true, strictFileInteractability: false, timeouts: {implicit: 0, pageLoad: 300000, script: 30000}, unhandledPromptBehavior: dismiss and notify, webauthn:virtualAuthenticators: true}&#10;Session ID: dfc6f5ce4e06cfade69899ca883f86fd" type="org.openqa.selenium.ElementNotInteractableException">org.openqa.selenium.ElementNotInteractableException: 
element not interactable
  (Session info: chrome=83.0.4103.61)
Build info: version: '3.141.59', revision: 'e82be7d358', time: '2018-11-14T08:17:03'
System info: host: 'DESKTOP-NJVK0I1', ip: '192.168.1.63', os.name: 'Windows 10', os.arch: 'amd64', os.version: '10.0', java.version: '14'
Driver info: org.openqa.selenium.chrome.ChromeDriver
Capabilities {acceptInsecureCerts: false, browserName: chrome, browserVersion: 83.0.4103.61, chrome: {chromedriverVersion: 83.0.4103.39 (ccbf011cb2d2b..., userDataDir: C:\Users\ANAWA\AppData\Loca...}, goog:chromeOptions: {debuggerAddress: localhost:55162}, javascriptEnabled: true, networkConnectionEnabled: false, pageLoadStrategy: normal, platform: WINDOWS, platformName: WINDOWS, proxy: Proxy(), setWindowRect: true, strictFileInteractability: false, timeouts: {implicit: 0, pageLoad: 300000, script: 30000}, unhandledPromptBehavior: dismiss and notify, webauthn:virtualAuthenticators: true}
Session ID: dfc6f5ce4e06cfade69899ca883f86fd
	at test.FacebookTest.FacebookSignUp(FacebookTest.java:15)
</failure>
  </testcase>
  <testcase name="InvalidPayeeValidAmount" classname="test.FundTransferTest" time="3.501"/>
  <testcase name="ValidPayeeInvalidAmount" classname="test.FundTransferTest" time="3.269"/>
  <testcase name="ValidPayeeNoAmount" classname="test.FundTransferTest" time="3.248"/>
  <testcase name="ValidPayeeValidAmount" classname="test.FundTransferTest" time="3.247"/>
</testsuite>