<?xml version="1.0" encoding="UTF-8"?>
<testng-results ignored="6" total="24" passed="17" failed="1" skipped="0">
  <reporter-output>
  </reporter-output>
  <suite started-at="2020-06-08T04:43:17Z" name="Surefire suite" finished-at="2020-06-08T04:43:52Z" duration-ms="34701">
    <groups>
    </groups>
    <test started-at="2020-06-08T04:43:17Z" name="Surefire test" finished-at="2020-06-08T04:43:52Z" duration-ms="34701">
      <class name="test.BMICalculateTest">
        <test-method is-config="true" signature="setup()[pri:0, instance:test.BMICalculateTest@a74868d]" started-at="2020-06-08T04:43:17Z" name="setup" finished-at="2020-06-08T04:43:24Z" duration-ms="6507" status="PASS">
          <reporter-output>
          </reporter-output>
        </test-method> <!-- setup -->
        <test-method signature="CategoryNormal()[pri:0, instance:test.BMICalculateTest@a74868d]" started-at="2020-06-08T04:43:24Z" name="CategoryNormal" finished-at="2020-06-08T04:43:24Z" duration-ms="511" status="PASS">
          <reporter-output>
          </reporter-output>
        </test-method> <!-- CategoryNormal -->
        <test-method is-config="true" signature="extenStatus(org.testng.ITestResult)[pri:0, instance:test.BMICalculateTest@a74868d]" started-at="2020-06-08T04:43:24Z" name="extenStatus" finished-at="2020-06-08T04:43:24Z" duration-ms="9" status="PASS">
          <params>
            <param index="0">
              <value>
                <![CDATA[[TestResult name=CategoryNormal status=SUCCESS method=BMICalculateTest.CategoryNormal()[pri:0, instance:test.BMICalculateTest@a74868d] output={null}]]]>
              </value>
            </param>
          </params>
          <reporter-output>
          </reporter-output>
        </test-method> <!-- extenStatus -->
        <test-method signature="CategoryObesity()[pri:0, instance:test.BMICalculateTest@a74868d]" started-at="2020-06-08T04:43:24Z" name="CategoryObesity" finished-at="2020-06-08T04:43:25Z" duration-ms="342" status="PASS">
          <reporter-output>
          </reporter-output>
        </test-method> <!-- CategoryObesity -->
        <test-method is-config="true" signature="extenStatus(org.testng.ITestResult)[pri:0, instance:test.BMICalculateTest@a74868d]" started-at="2020-06-08T04:43:25Z" name="extenStatus" finished-at="2020-06-08T04:43:25Z" duration-ms="1" status="PASS">
          <params>
            <param index="0">
              <value>
                <![CDATA[[TestResult name=CategoryObesity status=SUCCESS method=BMICalculateTest.CategoryObesity()[pri:0, instance:test.BMICalculateTest@a74868d] output={null}]]]>
              </value>
            </param>
          </params>
          <reporter-output>
          </reporter-output>
        </test-method> <!-- extenStatus -->
        <test-method signature="CategoryOverWeight()[pri:0, instance:test.BMICalculateTest@a74868d]" started-at="2020-06-08T04:43:25Z" name="CategoryOverWeight" finished-at="2020-06-08T04:43:25Z" duration-ms="316" status="PASS">
          <reporter-output>
          </reporter-output>
        </test-method> <!-- CategoryOverWeight -->
        <test-method is-config="true" signature="extenStatus(org.testng.ITestResult)[pri:0, instance:test.BMICalculateTest@a74868d]" started-at="2020-06-08T04:43:25Z" name="extenStatus" finished-at="2020-06-08T04:43:25Z" duration-ms="0" status="PASS">
          <params>
            <param index="0">
              <value>
                <![CDATA[[TestResult name=CategoryOverWeight status=SUCCESS method=BMICalculateTest.CategoryOverWeight()[pri:0, instance:test.BMICalculateTest@a74868d] output={null}]]]>
              </value>
            </param>
          </params>
          <reporter-output>
          </reporter-output>
        </test-method> <!-- extenStatus -->
        <test-method signature="CategoryUnderWeight()[pri:0, instance:test.BMICalculateTest@a74868d]" started-at="2020-06-08T04:43:25Z" name="CategoryUnderWeight" finished-at="2020-06-08T04:43:25Z" duration-ms="246" status="PASS">
          <reporter-output>
          </reporter-output>
        </test-method> <!-- CategoryUnderWeight -->
        <test-method is-config="true" signature="extenStatus(org.testng.ITestResult)[pri:0, instance:test.BMICalculateTest@a74868d]" started-at="2020-06-08T04:43:25Z" name="extenStatus" finished-at="2020-06-08T04:43:25Z" duration-ms="0" status="PASS">
          <params>
            <param index="0">
              <value>
                <![CDATA[[TestResult name=CategoryUnderWeight status=SUCCESS method=BMICalculateTest.CategoryUnderWeight()[pri:0, instance:test.BMICalculateTest@a74868d] output={null}]]]>
              </value>
            </param>
          </params>
          <reporter-output>
          </reporter-output>
        </test-method> <!-- extenStatus -->
        <test-method signature="NoHeightField()[pri:0, instance:test.BMICalculateTest@a74868d]" started-at="2020-06-08T04:43:25Z" name="NoHeightField" finished-at="2020-06-08T04:43:25Z" duration-ms="237" status="PASS">
          <reporter-output>
          </reporter-output>
        </test-method> <!-- NoHeightField -->
        <test-method is-config="true" signature="extenStatus(org.testng.ITestResult)[pri:0, instance:test.BMICalculateTest@a74868d]" started-at="2020-06-08T04:43:25Z" name="extenStatus" finished-at="2020-06-08T04:43:25Z" duration-ms="0" status="PASS">
          <params>
            <param index="0">
              <value>
                <![CDATA[[TestResult name=NoHeightField status=SUCCESS method=BMICalculateTest.NoHeightField()[pri:0, instance:test.BMICalculateTest@a74868d] output={null}]]]>
              </value>
            </param>
          </params>
          <reporter-output>
          </reporter-output>
        </test-method> <!-- extenStatus -->
        <test-method signature="NoWeightField()[pri:0, instance:test.BMICalculateTest@a74868d]" started-at="2020-06-08T04:43:25Z" name="NoWeightField" finished-at="2020-06-08T04:43:26Z" duration-ms="271" status="PASS">
          <reporter-output>
          </reporter-output>
        </test-method> <!-- NoWeightField -->
        <test-method is-config="true" signature="extenStatus(org.testng.ITestResult)[pri:0, instance:test.BMICalculateTest@a74868d]" started-at="2020-06-08T04:43:26Z" name="extenStatus" finished-at="2020-06-08T04:43:26Z" duration-ms="1" status="PASS">
          <params>
            <param index="0">
              <value>
                <![CDATA[[TestResult name=NoWeightField status=SUCCESS method=BMICalculateTest.NoWeightField()[pri:0, instance:test.BMICalculateTest@a74868d] output={null}]]]>
              </value>
            </param>
          </params>
          <reporter-output>
          </reporter-output>
        </test-method> <!-- extenStatus -->
        <test-method is-config="true" signature="teardown()[pri:0, instance:test.BMICalculateTest@a74868d]" started-at="2020-06-08T04:43:51Z" name="teardown" finished-at="2020-06-08T04:43:52Z" duration-ms="531" status="PASS">
          <reporter-output>
          </reporter-output>
        </test-method> <!-- teardown -->
      </class> <!-- test.BMICalculateTest -->
      <class name="test.BNSExcelDataTest">
        <test-method signature="BNSTest(java.lang.String, java.lang.String, java.lang.String, java.lang.String, java.lang.String, java.lang.String, java.lang.String, java.lang.String, java.lang.String, java.lang.String)[pri:0, instance:test.BNSExcelDataTest@12c8a2c0]" started-at="2020-06-08T04:43:27Z" name="BNSTest" data-provider="bnsdata" finished-at="2020-06-08T04:43:28Z" duration-ms="1204" status="PASS">
          <params>
            <param index="0">
              <value>
                <![CDATA[Ataur]]>
              </value>
            </param>
            <param index="1">
              <value>
                <![CDATA[Tarafder]]>
              </value>
            </param>
            <param index="2">
              <value>
                <![CDATA[ata@yahoo.com]]>
              </value>
            </param>
            <param index="3">
              <value>
                <![CDATA[ata@yahoo.com]]>
              </value>
            </param>
            <param index="4">
              <value>
                <![CDATA[346-345-3450]]>
              </value>
            </param>
            <param index="5">
              <value>
                <![CDATA[Jun]]>
              </value>
            </param>
            <param index="6">
              <value>
                <![CDATA[23]]>
              </value>
            </param>
            <param index="7">
              <value>
                <![CDATA[2001]]>
              </value>
            </param>
            <param index="8">
              <value>
                <![CDATA[Male]]>
              </value>
            </param>
            <param index="9">
              <value>
                <![CDATA[Submitted Form Data]]>
              </value>
            </param>
          </params>
          <reporter-output>
          </reporter-output>
        </test-method> <!-- BNSTest -->
        <test-method is-config="true" signature="extenStatus(org.testng.ITestResult)[pri:0, instance:test.BNSExcelDataTest@12c8a2c0]" started-at="2020-06-08T04:43:28Z" name="extenStatus" finished-at="2020-06-08T04:43:28Z" duration-ms="0" status="PASS">
          <params>
            <param index="0">
              <value>
                <![CDATA[[TestResult name=BNSTest status=SUCCESS method=BNSExcelDataTest.BNSTest(java.lang.String, java.lang.String, java.lang.String, java.lang.String, java.lang.String, java.lang.String, java.lang.String, java.lang.String, java.lang.String, java.lang.String)[pri:0, instance:test.BNSExcelDataTest@12c8a2c0] output={null}]]]>
              </value>
            </param>
          </params>
          <reporter-output>
          </reporter-output>
        </test-method> <!-- extenStatus -->
        <test-method signature="BNSTest(java.lang.String, java.lang.String, java.lang.String, java.lang.String, java.lang.String, java.lang.String, java.lang.String, java.lang.String, java.lang.String, java.lang.String)[pri:0, instance:test.BNSExcelDataTest@12c8a2c0]" started-at="2020-06-08T04:43:28Z" name="BNSTest" data-provider="bnsdata" finished-at="2020-06-08T04:43:29Z" duration-ms="1333" status="PASS">
          <params>
            <param index="0">
              <value>
                <![CDATA[Mona]]>
              </value>
            </param>
            <param index="1">
              <value>
                <![CDATA[Khan]]>
              </value>
            </param>
            <param index="2">
              <value>
                <![CDATA[ata@yahoo.com]]>
              </value>
            </param>
            <param index="3">
              <value>
                <![CDATA[ata@yahoo.com]]>
              </value>
            </param>
            <param index="4">
              <value>
                <![CDATA[346-345-3451]]>
              </value>
            </param>
            <param index="5">
              <value>
                <![CDATA[Jul]]>
              </value>
            </param>
            <param index="6">
              <value>
                <![CDATA[24]]>
              </value>
            </param>
            <param index="7">
              <value>
                <![CDATA[2002]]>
              </value>
            </param>
            <param index="8">
              <value>
                <![CDATA[Female]]>
              </value>
            </param>
            <param index="9">
              <value>
                <![CDATA[Submitted Form Data]]>
              </value>
            </param>
          </params>
          <reporter-output>
          </reporter-output>
        </test-method> <!-- BNSTest -->
        <test-method is-config="true" signature="extenStatus(org.testng.ITestResult)[pri:0, instance:test.BNSExcelDataTest@12c8a2c0]" started-at="2020-06-08T04:43:29Z" name="extenStatus" finished-at="2020-06-08T04:43:29Z" duration-ms="1" status="PASS">
          <params>
            <param index="0">
              <value>
                <![CDATA[[TestResult name=BNSTest status=SUCCESS method=BNSExcelDataTest.BNSTest(java.lang.String, java.lang.String, java.lang.String, java.lang.String, java.lang.String, java.lang.String, java.lang.String, java.lang.String, java.lang.String, java.lang.String)[pri:0, instance:test.BNSExcelDataTest@12c8a2c0] output={null}]]]>
              </value>
            </param>
          </params>
          <reporter-output>
          </reporter-output>
        </test-method> <!-- extenStatus -->
        <test-method signature="BNSTest(java.lang.String, java.lang.String, java.lang.String, java.lang.String, java.lang.String, java.lang.String, java.lang.String, java.lang.String, java.lang.String, java.lang.String)[pri:0, instance:test.BNSExcelDataTest@12c8a2c0]" started-at="2020-06-08T04:43:29Z" name="BNSTest" data-provider="bnsdata" finished-at="2020-06-08T04:43:30Z" duration-ms="1177" status="PASS">
          <params>
            <param index="0">
              <value>
                <![CDATA[Mitu]]>
              </value>
            </param>
            <param index="1">
              <value>
                <![CDATA[Islam]]>
              </value>
            </param>
            <param index="2">
              <value>
                <![CDATA[ata@yahoo.com]]>
              </value>
            </param>
            <param index="3">
              <value>
                <![CDATA[ata@yahoo.com]]>
              </value>
            </param>
            <param index="4">
              <value>
                <![CDATA[346-345-3452]]>
              </value>
            </param>
            <param index="5">
              <value>
                <![CDATA[Aug]]>
              </value>
            </param>
            <param index="6">
              <value>
                <![CDATA[25]]>
              </value>
            </param>
            <param index="7">
              <value>
                <![CDATA[2003]]>
              </value>
            </param>
            <param index="8">
              <value>
                <![CDATA[Female]]>
              </value>
            </param>
            <param index="9">
              <value>
                <![CDATA[Submitted Form Data]]>
              </value>
            </param>
          </params>
          <reporter-output>
          </reporter-output>
        </test-method> <!-- BNSTest -->
        <test-method is-config="true" signature="extenStatus(org.testng.ITestResult)[pri:0, instance:test.BNSExcelDataTest@12c8a2c0]" started-at="2020-06-08T04:43:30Z" name="extenStatus" finished-at="2020-06-08T04:43:30Z" duration-ms="1" status="PASS">
          <params>
            <param index="0">
              <value>
                <![CDATA[[TestResult name=BNSTest status=SUCCESS method=BNSExcelDataTest.BNSTest(java.lang.String, java.lang.String, java.lang.String, java.lang.String, java.lang.String, java.lang.String, java.lang.String, java.lang.String, java.lang.String, java.lang.String)[pri:0, instance:test.BNSExcelDataTest@12c8a2c0] output={null}]]]>
              </value>
            </param>
          </params>
          <reporter-output>
          </reporter-output>
        </test-method> <!-- extenStatus -->
        <test-method signature="BNSTest(java.lang.String, java.lang.String, java.lang.String, java.lang.String, java.lang.String, java.lang.String, java.lang.String, java.lang.String, java.lang.String, java.lang.String)[pri:0, instance:test.BNSExcelDataTest@12c8a2c0]" started-at="2020-06-08T04:43:30Z" name="BNSTest" data-provider="bnsdata" finished-at="2020-06-08T04:43:32Z" duration-ms="1417" status="PASS">
          <params>
            <param index="0">
              <value>
                <![CDATA[Ataur]]>
              </value>
            </param>
            <param index="1">
              <value>
                <![CDATA[Tarafder]]>
              </value>
            </param>
            <param index="2">
              <value>
                <![CDATA[ata@yahoo.com]]>
              </value>
            </param>
            <param index="3">
              <value>
                <![CDATA[ata@yahoo.com]]>
              </value>
            </param>
            <param index="4">
              <value>
                <![CDATA[346-345-3453]]>
              </value>
            </param>
            <param index="5">
              <value>
                <![CDATA[Sep]]>
              </value>
            </param>
            <param index="6">
              <value>
                <![CDATA[26]]>
              </value>
            </param>
            <param index="7">
              <value>
                <![CDATA[2001]]>
              </value>
            </param>
            <param index="8">
              <value>
                <![CDATA[Male]]>
              </value>
            </param>
            <param index="9">
              <value>
                <![CDATA[Submitted Form Data]]>
              </value>
            </param>
          </params>
          <reporter-output>
          </reporter-output>
        </test-method> <!-- BNSTest -->
        <test-method is-config="true" signature="extenStatus(org.testng.ITestResult)[pri:0, instance:test.BNSExcelDataTest@12c8a2c0]" started-at="2020-06-08T04:43:32Z" name="extenStatus" finished-at="2020-06-08T04:43:32Z" duration-ms="0" status="PASS">
          <params>
            <param index="0">
              <value>
                <![CDATA[[TestResult name=BNSTest status=SUCCESS method=BNSExcelDataTest.BNSTest(java.lang.String, java.lang.String, java.lang.String, java.lang.String, java.lang.String, java.lang.String, java.lang.String, java.lang.String, java.lang.String, java.lang.String)[pri:0, instance:test.BNSExcelDataTest@12c8a2c0] output={null}]]]>
              </value>
            </param>
          </params>
          <reporter-output>
          </reporter-output>
        </test-method> <!-- extenStatus -->
        <test-method signature="BNSTest(java.lang.String, java.lang.String, java.lang.String, java.lang.String, java.lang.String, java.lang.String, java.lang.String, java.lang.String, java.lang.String, java.lang.String)[pri:0, instance:test.BNSExcelDataTest@12c8a2c0]" started-at="2020-06-08T04:43:32Z" name="BNSTest" data-provider="bnsdata" finished-at="2020-06-08T04:43:33Z" duration-ms="1410" status="PASS">
          <params>
            <param index="0">
              <value>
                <![CDATA[Farhan]]>
              </value>
            </param>
            <param index="1">
              <value>
                <![CDATA[Zaman]]>
              </value>
            </param>
            <param index="2">
              <value>
                <![CDATA[ata@yahoo.com]]>
              </value>
            </param>
            <param index="3">
              <value>
                <![CDATA[ata@yahoo.com]]>
              </value>
            </param>
            <param index="4">
              <value>
                <![CDATA[346-345-3454]]>
              </value>
            </param>
            <param index="5">
              <value>
                <![CDATA[Oct]]>
              </value>
            </param>
            <param index="6">
              <value>
                <![CDATA[27]]>
              </value>
            </param>
            <param index="7">
              <value>
                <![CDATA[2002]]>
              </value>
            </param>
            <param index="8">
              <value>
                <![CDATA[Female]]>
              </value>
            </param>
            <param index="9">
              <value>
                <![CDATA[Submitted Form Data]]>
              </value>
            </param>
          </params>
          <reporter-output>
          </reporter-output>
        </test-method> <!-- BNSTest -->
        <test-method is-config="true" signature="extenStatus(org.testng.ITestResult)[pri:0, instance:test.BNSExcelDataTest@12c8a2c0]" started-at="2020-06-08T04:43:33Z" name="extenStatus" finished-at="2020-06-08T04:43:33Z" duration-ms="1" status="PASS">
          <params>
            <param index="0">
              <value>
                <![CDATA[[TestResult name=BNSTest status=SUCCESS method=BNSExcelDataTest.BNSTest(java.lang.String, java.lang.String, java.lang.String, java.lang.String, java.lang.String, java.lang.String, java.lang.String, java.lang.String, java.lang.String, java.lang.String)[pri:0, instance:test.BNSExcelDataTest@12c8a2c0] output={null}]]]>
              </value>
            </param>
          </params>
          <reporter-output>
          </reporter-output>
        </test-method> <!-- extenStatus -->
        <test-method signature="BNSTest(java.lang.String, java.lang.String, java.lang.String, java.lang.String, java.lang.String, java.lang.String, java.lang.String, java.lang.String, java.lang.String, java.lang.String)[pri:0, instance:test.BNSExcelDataTest@12c8a2c0]" started-at="2020-06-08T04:43:33Z" name="BNSTest" data-provider="bnsdata" finished-at="2020-06-08T04:43:35Z" duration-ms="1322" status="PASS">
          <params>
            <param index="0">
              <value>
                <![CDATA[Ataur]]>
              </value>
            </param>
            <param index="1">
              <value>
                <![CDATA[Tarafder]]>
              </value>
            </param>
            <param index="2">
              <value>
                <![CDATA[ata@yahoo.com]]>
              </value>
            </param>
            <param index="3">
              <value>
                <![CDATA[ata@yahoo.com]]>
              </value>
            </param>
            <param index="4">
              <value>
                <![CDATA[346-345-3455]]>
              </value>
            </param>
            <param index="5">
              <value>
                <![CDATA[Nov]]>
              </value>
            </param>
            <param index="6">
              <value>
                <![CDATA[28]]>
              </value>
            </param>
            <param index="7">
              <value>
                <![CDATA[2003]]>
              </value>
            </param>
            <param index="8">
              <value>
                <![CDATA[Male]]>
              </value>
            </param>
            <param index="9">
              <value>
                <![CDATA[Submitted Form Data]]>
              </value>
            </param>
          </params>
          <reporter-output>
          </reporter-output>
        </test-method> <!-- BNSTest -->
        <test-method is-config="true" signature="extenStatus(org.testng.ITestResult)[pri:0, instance:test.BNSExcelDataTest@12c8a2c0]" started-at="2020-06-08T04:43:35Z" name="extenStatus" finished-at="2020-06-08T04:43:35Z" duration-ms="1" status="PASS">
          <params>
            <param index="0">
              <value>
                <![CDATA[[TestResult name=BNSTest status=SUCCESS method=BNSExcelDataTest.BNSTest(java.lang.String, java.lang.String, java.lang.String, java.lang.String, java.lang.String, java.lang.String, java.lang.String, java.lang.String, java.lang.String, java.lang.String)[pri:0, instance:test.BNSExcelDataTest@12c8a2c0] output={null}]]]>
              </value>
            </param>
          </params>
          <reporter-output>
          </reporter-output>
        </test-method> <!-- extenStatus -->
        <test-method signature="BNSTest(java.lang.String, java.lang.String, java.lang.String, java.lang.String, java.lang.String, java.lang.String, java.lang.String, java.lang.String, java.lang.String, java.lang.String)[pri:0, instance:test.BNSExcelDataTest@12c8a2c0]" started-at="2020-06-08T04:43:35Z" name="BNSTest" data-provider="bnsdata" finished-at="2020-06-08T04:43:36Z" duration-ms="1383" status="PASS">
          <params>
            <param index="0">
              <value>
                <![CDATA[Sonia]]>
              </value>
            </param>
            <param index="1">
              <value>
                <![CDATA[Sultana]]>
              </value>
            </param>
            <param index="2">
              <value>
                <![CDATA[ata@yahoo.com]]>
              </value>
            </param>
            <param index="3">
              <value>
                <![CDATA[ata@yahoo.com]]>
              </value>
            </param>
            <param index="4">
              <value>
                <![CDATA[346-345-3456]]>
              </value>
            </param>
            <param index="5">
              <value>
                <![CDATA[Dec]]>
              </value>
            </param>
            <param index="6">
              <value>
                <![CDATA[29]]>
              </value>
            </param>
            <param index="7">
              <value>
                <![CDATA[2001]]>
              </value>
            </param>
            <param index="8">
              <value>
                <![CDATA[Female]]>
              </value>
            </param>
            <param index="9">
              <value>
                <![CDATA[Submitted Form Data]]>
              </value>
            </param>
          </params>
          <reporter-output>
          </reporter-output>
        </test-method> <!-- BNSTest -->
        <test-method is-config="true" signature="extenStatus(org.testng.ITestResult)[pri:0, instance:test.BNSExcelDataTest@12c8a2c0]" started-at="2020-06-08T04:43:36Z" name="extenStatus" finished-at="2020-06-08T04:43:36Z" duration-ms="1" status="PASS">
          <params>
            <param index="0">
              <value>
                <![CDATA[[TestResult name=BNSTest status=SUCCESS method=BNSExcelDataTest.BNSTest(java.lang.String, java.lang.String, java.lang.String, java.lang.String, java.lang.String, java.lang.String, java.lang.String, java.lang.String, java.lang.String, java.lang.String)[pri:0, instance:test.BNSExcelDataTest@12c8a2c0] output={null}]]]>
              </value>
            </param>
          </params>
          <reporter-output>
          </reporter-output>
        </test-method> <!-- extenStatus -->
      </class> <!-- test.BNSExcelDataTest -->
      <class name="test.FacebookTest">
        <test-method signature="FacebookSignUp()[pri:0, instance:test.FacebookTest@7e0e6aa2]" started-at="2020-06-08T04:43:36Z" name="FacebookSignUp" finished-at="2020-06-08T04:43:38Z" duration-ms="1788" status="FAIL">
          <exception class="org.openqa.selenium.ElementNotInteractableException">
            <message>
              <![CDATA[element not interactable
  (Session info: chrome=83.0.4103.61)
Build info: version: '3.141.59', revision: 'e82be7d358', time: '2018-11-14T08:17:03'
System info: host: 'DESKTOP-NJVK0I1', ip: '192.168.1.63', os.name: 'Windows 10', os.arch: 'amd64', os.version: '10.0', java.version: '14'
Driver info: org.openqa.selenium.chrome.ChromeDriver
Capabilities {acceptInsecureCerts: false, browserName: chrome, browserVersion: 83.0.4103.61, chrome: {chromedriverVersion: 83.0.4103.39 (ccbf011cb2d2b..., userDataDir: C:\Users\ANAWA\AppData\Loca...}, goog:chromeOptions: {debuggerAddress: localhost:55162}, javascriptEnabled: true, networkConnectionEnabled: false, pageLoadStrategy: normal, platform: WINDOWS, platformName: WINDOWS, proxy: Proxy(), setWindowRect: true, strictFileInteractability: false, timeouts: {implicit: 0, pageLoad: 300000, script: 30000}, unhandledPromptBehavior: dismiss and notify, webauthn:virtualAuthenticators: true}
Session ID: dfc6f5ce4e06cfade69899ca883f86fd]]>
            </message>
            <full-stacktrace>
              <![CDATA[org.openqa.selenium.ElementNotInteractableException: element not interactable
  (Session info: chrome=83.0.4103.61)
Build info: version: '3.141.59', revision: 'e82be7d358', time: '2018-11-14T08:17:03'
System info: host: 'DESKTOP-NJVK0I1', ip: '192.168.1.63', os.name: 'Windows 10', os.arch: 'amd64', os.version: '10.0', java.version: '14'
Driver info: org.openqa.selenium.chrome.ChromeDriver
Capabilities {acceptInsecureCerts: false, browserName: chrome, browserVersion: 83.0.4103.61, chrome: {chromedriverVersion: 83.0.4103.39 (ccbf011cb2d2b..., userDataDir: C:\Users\ANAWA\AppData\Loca...}, goog:chromeOptions: {debuggerAddress: localhost:55162}, javascriptEnabled: true, networkConnectionEnabled: false, pageLoadStrategy: normal, platform: WINDOWS, platformName: WINDOWS, proxy: Proxy(), setWindowRect: true, strictFileInteractability: false, timeouts: {implicit: 0, pageLoad: 300000, script: 30000}, unhandledPromptBehavior: dismiss and notify, webauthn:virtualAuthenticators: true}
Session ID: dfc6f5ce4e06cfade69899ca883f86fd
at java.base/jdk.internal.reflect.NativeConstructorAccessorImpl.newInstance0(Native Method)
at java.base/jdk.internal.reflect.NativeConstructorAccessorImpl.newInstance(NativeConstructorAccessorImpl.java:62)
at java.base/jdk.internal.reflect.DelegatingConstructorAccessorImpl.newInstance(DelegatingConstructorAccessorImpl.java:45)
at java.base/java.lang.reflect.Constructor.newInstanceWithCaller(Constructor.java:500)
at java.base/java.lang.reflect.Constructor.newInstance(Constructor.java:481)
at org.openqa.selenium.remote.http.W3CHttpResponseCodec.createException(W3CHttpResponseCodec.java:187)
at org.openqa.selenium.remote.http.W3CHttpResponseCodec.decode(W3CHttpResponseCodec.java:122)
at org.openqa.selenium.remote.http.W3CHttpResponseCodec.decode(W3CHttpResponseCodec.java:49)
at org.openqa.selenium.remote.HttpCommandExecutor.execute(HttpCommandExecutor.java:158)
at org.openqa.selenium.remote.service.DriverCommandExecutor.execute(DriverCommandExecutor.java:83)
at org.openqa.selenium.remote.RemoteWebDriver.execute(RemoteWebDriver.java:552)
at org.openqa.selenium.remote.RemoteWebElement.execute(RemoteWebElement.java:285)
at org.openqa.selenium.remote.RemoteWebElement.sendKeys(RemoteWebElement.java:106)
at jdk.internal.reflect.GeneratedMethodAccessor1.invoke(Unknown Source)
at java.base/jdk.internal.reflect.DelegatingMethodAccessorImpl.invoke(DelegatingMethodAccessorImpl.java:43)
at java.base/java.lang.reflect.Method.invoke(Method.java:564)
at org.openqa.selenium.support.pagefactory.internal.LocatingElementHandler.invoke(LocatingElementHandler.java:51)
at com.sun.proxy.$Proxy11.sendKeys(Unknown Source)
at pages.FacebookPage.enterFirstName(FacebookPage.java:12)
at test.FacebookTest.FacebookSignUp(FacebookTest.java:15)
at java.base/jdk.internal.reflect.NativeMethodAccessorImpl.invoke0(Native Method)
at java.base/jdk.internal.reflect.NativeMethodAccessorImpl.invoke(NativeMethodAccessorImpl.java:62)
at java.base/jdk.internal.reflect.DelegatingMethodAccessorImpl.invoke(DelegatingMethodAccessorImpl.java:43)
at java.base/java.lang.reflect.Method.invoke(Method.java:564)
at org.testng.internal.MethodInvocationHelper.invokeMethod(MethodInvocationHelper.java:124)
at org.testng.internal.Invoker.invokeMethod(Invoker.java:583)
at org.testng.internal.Invoker.invokeTestMethod(Invoker.java:719)
at org.testng.internal.Invoker.invokeTestMethods(Invoker.java:989)
at org.testng.internal.TestMethodWorker.invokeTestMethods(TestMethodWorker.java:125)
at org.testng.internal.TestMethodWorker.run(TestMethodWorker.java:109)
at org.testng.TestRunner.privateRun(TestRunner.java:648)
at org.testng.TestRunner.run(TestRunner.java:505)
at org.testng.SuiteRunner.runTest(SuiteRunner.java:455)
at org.testng.SuiteRunner.runSequentially(SuiteRunner.java:450)
at org.testng.SuiteRunner.privateRun(SuiteRunner.java:415)
at org.testng.SuiteRunner.run(SuiteRunner.java:364)
at org.testng.SuiteRunnerWorker.runSuite(SuiteRunnerWorker.java:52)
at org.testng.SuiteRunnerWorker.run(SuiteRunnerWorker.java:84)
at org.testng.TestNG.runSuitesSequentially(TestNG.java:1208)
at org.testng.TestNG.runSuitesLocally(TestNG.java:1137)
at org.testng.TestNG.runSuites(TestNG.java:1049)
at org.testng.TestNG.run(TestNG.java:1017)
at org.apache.maven.surefire.testng.TestNGExecutor.run(TestNGExecutor.java:132)
at org.apache.maven.surefire.testng.TestNGDirectoryTestSuite.executeMulti(TestNGDirectoryTestSuite.java:193)
at org.apache.maven.surefire.testng.TestNGDirectoryTestSuite.execute(TestNGDirectoryTestSuite.java:94)
at org.apache.maven.surefire.testng.TestNGProvider.invoke(TestNGProvider.java:147)
at org.apache.maven.surefire.booter.ForkedBooter.invokeProviderInSameClassLoader(ForkedBooter.java:290)
at org.apache.maven.surefire.booter.ForkedBooter.runSuitesInProcess(ForkedBooter.java:242)
at org.apache.maven.surefire.booter.ForkedBooter.main(ForkedBooter.java:121)
]]>
            </full-stacktrace>
          </exception> <!-- org.openqa.selenium.ElementNotInteractableException -->
          <reporter-output>
          </reporter-output>
        </test-method> <!-- FacebookSignUp -->
        <test-method is-config="true" signature="extenStatus(org.testng.ITestResult)[pri:0, instance:test.FacebookTest@7e0e6aa2]" started-at="2020-06-08T04:43:38Z" name="extenStatus" finished-at="2020-06-08T04:43:38Z" duration-ms="377" status="PASS">
          <params>
            <param index="0">
              <value>
                <![CDATA[[TestResult name=FacebookSignUp status=FAILURE method=FacebookTest.FacebookSignUp()[pri:0, instance:test.FacebookTest@7e0e6aa2] output={null}]]]>
              </value>
            </param>
          </params>
          <reporter-output>
          </reporter-output>
        </test-method> <!-- extenStatus -->
      </class> <!-- test.FacebookTest -->
      <class name="test.FundTransferTest">
        <test-method signature="InvalidPayeeValidAmount()[pri:0, instance:test.FundTransferTest@365185bd]" started-at="2020-06-08T04:43:38Z" name="InvalidPayeeValidAmount" finished-at="2020-06-08T04:43:42Z" duration-ms="3501" status="PASS">
          <reporter-output>
          </reporter-output>
        </test-method> <!-- InvalidPayeeValidAmount -->
        <test-method is-config="true" signature="extenStatus(org.testng.ITestResult)[pri:0, instance:test.FundTransferTest@365185bd]" started-at="2020-06-08T04:43:42Z" name="extenStatus" finished-at="2020-06-08T04:43:42Z" duration-ms="2" status="PASS">
          <params>
            <param index="0">
              <value>
                <![CDATA[[TestResult name=InvalidPayeeValidAmount status=SUCCESS method=FundTransferTest.InvalidPayeeValidAmount()[pri:0, instance:test.FundTransferTest@365185bd] output={null}]]]>
              </value>
            </param>
          </params>
          <reporter-output>
          </reporter-output>
        </test-method> <!-- extenStatus -->
        <test-method signature="ValidPayeeInvalidAmount()[pri:0, instance:test.FundTransferTest@365185bd]" started-at="2020-06-08T04:43:42Z" name="ValidPayeeInvalidAmount" finished-at="2020-06-08T04:43:45Z" duration-ms="3269" status="PASS">
          <reporter-output>
          </reporter-output>
        </test-method> <!-- ValidPayeeInvalidAmount -->
        <test-method is-config="true" signature="extenStatus(org.testng.ITestResult)[pri:0, instance:test.FundTransferTest@365185bd]" started-at="2020-06-08T04:43:45Z" name="extenStatus" finished-at="2020-06-08T04:43:45Z" duration-ms="1" status="PASS">
          <params>
            <param index="0">
              <value>
                <![CDATA[[TestResult name=ValidPayeeInvalidAmount status=SUCCESS method=FundTransferTest.ValidPayeeInvalidAmount()[pri:0, instance:test.FundTransferTest@365185bd] output={null}]]]>
              </value>
            </param>
          </params>
          <reporter-output>
          </reporter-output>
        </test-method> <!-- extenStatus -->
        <test-method signature="ValidPayeeNoAmount()[pri:0, instance:test.FundTransferTest@365185bd]" started-at="2020-06-08T04:43:45Z" name="ValidPayeeNoAmount" finished-at="2020-06-08T04:43:48Z" duration-ms="3248" status="PASS">
          <reporter-output>
          </reporter-output>
        </test-method> <!-- ValidPayeeNoAmount -->
        <test-method is-config="true" signature="extenStatus(org.testng.ITestResult)[pri:0, instance:test.FundTransferTest@365185bd]" started-at="2020-06-08T04:43:48Z" name="extenStatus" finished-at="2020-06-08T04:43:48Z" duration-ms="0" status="PASS">
          <params>
            <param index="0">
              <value>
                <![CDATA[[TestResult name=ValidPayeeNoAmount status=SUCCESS method=FundTransferTest.ValidPayeeNoAmount()[pri:0, instance:test.FundTransferTest@365185bd] output={null}]]]>
              </value>
            </param>
          </params>
          <reporter-output>
          </reporter-output>
        </test-method> <!-- extenStatus -->
        <test-method signature="ValidPayeeValidAmount()[pri:0, instance:test.FundTransferTest@365185bd]" started-at="2020-06-08T04:43:48Z" name="ValidPayeeValidAmount" finished-at="2020-06-08T04:43:51Z" duration-ms="3249" status="PASS">
          <reporter-output>
          </reporter-output>
        </test-method> <!-- ValidPayeeValidAmount -->
        <test-method is-config="true" signature="extenStatus(org.testng.ITestResult)[pri:0, instance:test.FundTransferTest@365185bd]" started-at="2020-06-08T04:43:51Z" name="extenStatus" finished-at="2020-06-08T04:43:51Z" duration-ms="0" status="PASS">
          <params>
            <param index="0">
              <value>
                <![CDATA[[TestResult name=ValidPayeeValidAmount status=SUCCESS method=FundTransferTest.ValidPayeeValidAmount()[pri:0, instance:test.FundTransferTest@365185bd] output={null}]]]>
              </value>
            </param>
          </params>
          <reporter-output>
          </reporter-output>
        </test-method> <!-- extenStatus -->
      </class> <!-- test.FundTransferTest -->
    </test> <!-- Surefire test -->
  </suite> <!-- Surefire suite -->
</testng-results>
